<?xml version="1.0" encoding="UTF-8"?>
<!-- Generated by org.testng.reporters.JUnitXMLReporter -->
<testsuite hostname="DESKTOP-C7SRO4S" ignored="0" name="Default test" tests="3" failures="0" timestamp="24 May 2020 07:37:35 GMT" time="57.552" errors="0">
  <testcase name="method2" time="1.553" classname="Merhod1.Method2"/>
  <testcase name="method2" time="5.048" classname="Merhod1.Method2"/>
  <testcase name="method2" time="1.786" classname="Merhod1.Method2"/>
</testsuite> <!-- Default test -->
